GROUP,PACKAGE,CLASS,INSTRUCTION_MISSED,INSTRUCTION_COVERED,BRANCH_MISSED,BRANCH_COVERED,LINE_MISSED,LINE_COVERED,COMPLEXITY_MISSED,COMPLEXITY_COVERED,METHOD_MISSED,METHOD_COVERED
sistema-pedidos,com.proyecto,Producto,6,24,0,2,1,8,1,4,1,3
sistema-pedidos,com.proyecto,Cliente,0,29,0,0,0,9,0,5,0,5
sistema-pedidos,com.proyecto,Pedido,0,154,0,8,0,38,0,13,0,9
sistema-pedidos,com.proyecto,ProductoFisico,0,36,0,2,0,8,0,5,0,4
sistema-pedidos,com.proyecto,Main,94,0,0,0,21,0,2,0,2,0
sistema-pedidos,com.proyecto,ProductoDigital,0,24,0,0,0,6,0,4,0,4
